<?xml version="1.0" encoding="UTF-8"?>
<!-- Generated by org.testng.reporters.JUnitReportReporter -->
<testsuite hostname="ruchi-VPCEG35EN" name="com.pack.tests.WindowExamples" tests="1" failures="0" timestamp="13 Jun 2016 18:53:48 GMT" time="133.049" errors="0">
  <testcase name="test_CloseAllWindowsExceptMainWindow" time="133.049" classname="com.pack.tests.WindowExamples"/>
</testsuite> <!-- com.pack.tests.WindowExamples -->
