<?xml version="1.0" encoding="UTF-8"?>
<!-- Generated by org.testng.reporters.JUnitReportReporter -->
<testsuite hostname="ruchi-VPCEG35EN" name="com.pack.tests.test1" tests="1" failures="0" timestamp="12 Jul 2016 15:59:47 GMT" time="3.195" errors="0">
  <testcase name="test" time="3.195" classname="com.pack.tests.test1"/>
</testsuite> <!-- com.pack.tests.test1 -->
