<?xml version="1.0" encoding="UTF-8"?>
<!-- Generated by org.testng.reporters.JUnitReportReporter -->
<testsuite hostname="ruchi-VPCEG35EN" name="com.pack.tests.helloTest" tests="1" failures="0" timestamp="12 Jul 2016 16:04:44 GMT" time="16.080" errors="0">
  <testcase name="test12" time="16.080" classname="com.pack.tests.helloTest"/>
</testsuite> <!-- com.pack.tests.helloTest -->
